<?xml version="1.0" encoding="UTF-8"?>
<!-- Generated by org.testng.reporters.JUnitXMLReporter -->
<testsuite hostname="LAPTOP-TREQVJA5" ignored="0" name="Test" tests="1" failures="1" timestamp="2021-03-07T20:01:03 IST" time="103.134" errors="0">
  <testcase name="SearchProduct" time="54.488" classname="com.automation.tests.SearchTest">
    <failure type="java.lang.NumberFormatException" message="For input string: &amp;quot;&amp;quot;">
      <![CDATA[java.lang.NumberFormatException: For input string: ""
at java.lang.NumberFormatException.forInputString(NumberFormatException.java:65)
at java.lang.Integer.parseInt(Integer.java:592)
at java.lang.Integer.parseInt(Integer.java:615)
at com.automation.tests.SearchTest.SearchProduct(SearchTest.java:23)
at java.util.ArrayList.forEach(ArrayList.java:1257)
... Removed 27 stack frames]]>
    </failure>
  </testcase> <!-- SearchProduct -->
</testsuite> <!-- Test -->
