<?xml version="1.0" encoding="UTF-8"?>
<testng-results skipped="0" failed="0" ignored="0" total="1" passed="1">
  <reporter-output>
  </reporter-output>
  <suite name="Suite" duration-ms="31281" started-at="2021-03-08T16:01:30 IST" finished-at="2021-03-08T16:02:01 IST">
    <groups>
    </groups>
    <test name="Test" duration-ms="31281" started-at="2021-03-08T16:01:30 IST" finished-at="2021-03-08T16:02:01 IST">
      <class name="com.automation.tests.SearchTest">
        <test-method status="PASS" signature="initializeSetting()[pri:0, instance:com.automation.tests.SearchTest@192b07fd]" name="initializeSetting" is-config="true" duration-ms="207" started-at="2021-03-08T16:01:30 IST" finished-at="2021-03-08T16:01:30 IST">
          <reporter-output>
          </reporter-output>
        </test-method> <!-- initializeSetting -->
        <test-method status="PASS" signature="startTest()[pri:0, instance:com.automation.tests.SearchTest@192b07fd]" name="startTest" is-config="true" duration-ms="17938" started-at="2021-03-08T16:01:30 IST" finished-at="2021-03-08T16:01:48 IST">
          <reporter-output>
          </reporter-output>
        </test-method> <!-- startTest -->
        <test-method status="PASS" signature="SearchProduct()[pri:0, instance:com.automation.tests.SearchTest@192b07fd]" name="SearchProduct" duration-ms="10450" started-at="2021-03-08T16:01:48 IST" finished-at="2021-03-08T16:01:58 IST">
          <reporter-output>
          </reporter-output>
        </test-method> <!-- SearchProduct -->
        <test-method status="PASS" signature="endTest()[pri:0, instance:com.automation.tests.SearchTest@192b07fd]" name="endTest" is-config="true" duration-ms="428" started-at="2021-03-08T16:01:58 IST" finished-at="2021-03-08T16:01:59 IST">
          <reporter-output>
          </reporter-output>
        </test-method> <!-- endTest -->
        <test-method status="PASS" signature="endSetting()[pri:0, instance:com.automation.tests.SearchTest@192b07fd]" name="endSetting" is-config="true" duration-ms="2213" started-at="2021-03-08T16:01:59 IST" finished-at="2021-03-08T16:02:01 IST">
          <reporter-output>
          </reporter-output>
        </test-method> <!-- endSetting -->
      </class> <!-- com.automation.tests.SearchTest -->
    </test> <!-- Test -->
  </suite> <!-- Suite -->
</testng-results>
