<?xml version="1.0" encoding="UTF-8"?>
<testng-results skipped="0" failed="0" ignored="0" total="1" passed="1">
  <reporter-output>
  </reporter-output>
  <suite name="Default suite" duration-ms="29893" started-at="2021-03-08T17:31:27 IST" finished-at="2021-03-08T17:31:57 IST">
    <groups>
    </groups>
    <test name="Default test" duration-ms="29893" started-at="2021-03-08T17:31:27 IST" finished-at="2021-03-08T17:31:57 IST">
      <class name="com.automation.tests.SearchTest">
        <test-method status="PASS" signature="initializeSetting()[pri:0, instance:com.automation.tests.SearchTest@4d95d2a2]" name="initializeSetting" is-config="true" duration-ms="166" started-at="2021-03-08T17:31:27 IST" finished-at="2021-03-08T17:31:27 IST">
          <reporter-output>
          </reporter-output>
        </test-method> <!-- initializeSetting -->
        <test-method status="PASS" signature="startTest()[pri:0, instance:com.automation.tests.SearchTest@4d95d2a2]" name="startTest" is-config="true" duration-ms="11830" started-at="2021-03-08T17:31:27 IST" finished-at="2021-03-08T17:31:39 IST">
          <reporter-output>
          </reporter-output>
        </test-method> <!-- startTest -->
        <test-method status="PASS" signature="SearchProduct()[pri:0, instance:com.automation.tests.SearchTest@4d95d2a2]" name="SearchProduct" duration-ms="10198" started-at="2021-03-08T17:31:39 IST" finished-at="2021-03-08T17:31:49 IST">
          <reporter-output>
          </reporter-output>
        </test-method> <!-- SearchProduct -->
        <test-method status="PASS" signature="endTest()[pri:0, instance:com.automation.tests.SearchTest@4d95d2a2]" name="endTest" is-config="true" duration-ms="395" started-at="2021-03-08T17:31:49 IST" finished-at="2021-03-08T17:31:50 IST">
          <reporter-output>
          </reporter-output>
        </test-method> <!-- endTest -->
        <test-method status="PASS" signature="endSetting()[pri:0, instance:com.automation.tests.SearchTest@4d95d2a2]" name="endSetting" is-config="true" duration-ms="7248" started-at="2021-03-08T17:31:50 IST" finished-at="2021-03-08T17:31:57 IST">
          <reporter-output>
          </reporter-output>
        </test-method> <!-- endSetting -->
      </class> <!-- com.automation.tests.SearchTest -->
    </test> <!-- Default test -->
  </suite> <!-- Default suite -->
</testng-results>
